Error : 'isS3method' is not an exported object from 'namespace:utils'
Loading required package: compiler
Error : 'isS3method' is not an exported object from 'namespace:utils'
Error : 'isS3method' is not an exported object from 'namespace:utils'
Error : 'isS3method' is not an exported object from 'namespace:utils'
Error : 'isS3method' is not an exported object from 'namespace:utils'
Loading required package: grid
Error : 'isS3method' is not an exported object from 'namespace:utils'
Loading required package: methods
Error : 'isS3method' is not an exported object from 'namespace:utils'
Loading required package: parallel
Error : 'isS3method' is not an exported object from 'namespace:utils'
Loading required package: splines
Error : 'isS3method' is not an exported object from 'namespace:utils'
Error : 'isS3method' is not an exported object from 'namespace:utils'
Loading required package: stats4
Error : 'isS3method' is not an exported object from 'namespace:utils'
Loading required package: tcltk
Error : 'isS3method' is not an exported object from 'namespace:utils'
In addition: Warning message:
no DISPLAY variable so Tk is not available 
Loading required package: tools
Error : 'isS3method' is not an exported object from 'namespace:utils'
Error : 'isS3method' is not an exported object from 'namespace:utils'
