Loading required package: KernSmooth
KernSmooth 2.23 loaded
Copyright M. P. Wand 1997-2009
Loading required package: MASS
Loading required package: Matrix
Loading required package: boot
Loading required package: class
Loading required package: cluster
Loading required package: codetools
Loading required package: compiler
Loading required package: foreign
Loading required package: grid
Loading required package: lattice

Attaching package: 'lattice'

The following object is masked from 'package:boot':

    melanoma

Loading required package: methods
Loading required package: mgcv
Loading required package: nlme
This is mgcv 1.8-23. For overview type 'help("mgcv-package")'.
Loading required package: nnet

Attaching package: 'nnet'

The following object is masked from 'package:mgcv':

    multinom

Loading required package: parallel
Loading required package: rpart
Loading required package: spatial
Loading required package: splines
Loading required package: stats4
Loading required package: survival

Attaching package: 'survival'

The following object is masked from 'package:boot':

    aml

Loading required package: tcltk
Loading required package: tools
Warning messages:
1: In findGeneric(f, envir) :
  'expand' is a formal generic function; S3 methods will not likely be found
2: In findGeneric(f, envir) :
  'expand' is a formal generic function; S3 methods will not likely be found
3: no DISPLAY variable so Tk is not available 
