Error in ls(ns_name, sort = TRUE) : unused argument (sort = TRUE)
Loading required package: compiler
Error in ls(ns_name, sort = TRUE) : unused argument (sort = TRUE)
Error in ls(ns_name, sort = TRUE) : unused argument (sort = TRUE)
Error in ls(ns_name, sort = TRUE) : unused argument (sort = TRUE)
Error in ls(ns_name, sort = TRUE) : unused argument (sort = TRUE)
Loading required package: grid
Error in ls(ns_name, sort = TRUE) : unused argument (sort = TRUE)
Loading required package: methods
Error in ls(ns_name, sort = TRUE) : unused argument (sort = TRUE)
Loading required package: parallel
Error in ls(ns_name, sort = TRUE) : unused argument (sort = TRUE)
Loading required package: splines
Error in ls(ns_name, sort = TRUE) : unused argument (sort = TRUE)
Error in ls(ns_name, sort = TRUE) : unused argument (sort = TRUE)
Loading required package: stats4
Error in ls(ns_name, sort = TRUE) : unused argument (sort = TRUE)
Loading required package: tcltk
Error in ls(ns_name, sort = TRUE) : unused argument (sort = TRUE)
In addition: Warning message:
In fun(libname, pkgname) : no DISPLAY variable so Tk is not available
Loading required package: tools
Error in ls(ns_name, sort = TRUE) : unused argument (sort = TRUE)
Error in ls(ns_name, sort = TRUE) : unused argument (sort = TRUE)
